<?xml version="1.0" encoding="UTF-8"?>
<!-- Generated by org.testng.reporters.JUnitXMLReporter -->
<testsuite ignored="2" hostname="LTIN233236" failures="0" tests="5" name="Car loan" time="0.102" errors="0" timestamp="2024-07-11T19:30:37 IST">
  <testcase classname="Test.Day3" name="MobileLoginCar" time="0.012"/>
  <testcase classname="Test.Day3" name="MobilesigninCar" time="0.002"/>
  <testcase classname="Test.Day3" name="MobilesignoutCar" time="0.009"/>
  <testcase classname="Test.Day3" name="MobilesignoutCar" time="0.001"/>
  <testcase classname="Test.Day3" name="MobilesignoutCar" time="0.002"/>
  <testcase classname="Test.Day3" name="WebloginCar" time="0.0">
    <ignored/>
  </testcase> <!-- WebloginCar -->
  <testcase classname="Test.Day3" name="APIlogincar" time="0.0">
    <ignored/>
  </testcase> <!-- APIlogincar -->
</testsuite> <!-- Car loan -->
