<?xml version="1.0" encoding="UTF-8"?>
<!-- Generated by org.testng.reporters.JUnitXMLReporter -->
<testsuite ignored="2" hostname="LTIN233236" failures="0" tests="5" name="Personal Loan" time="0.098" errors="0" timestamp="2024-07-11T19:30:37 IST">
  <testcase classname="Test.Day1" name="Demo1" time="0.013"/>
  <testcase classname="Test.Day2" name="Personalloan" time="0.004"/>
  <testcase classname="Test.Day4" name="APIHome" time="0.004"/>
  <testcase classname="Test.Day4" name="APIloginHome" time="0.003"/>
  <testcase classname="Test.Day4" name="MobileLoginHome" time="0.003"/>
  <testcase classname="Test.Day1" name="Demo" time="0.0">
    <ignored/>
  </testcase> <!-- Demo -->
  <testcase classname="Test.Day4" name="WebloginHome" time="0.0">
    <ignored/>
  </testcase> <!-- WebloginHome -->
</testsuite> <!-- Personal Loan -->
