<?xml version="1.0" encoding="UTF-8"?>
<!-- Generated by org.testng.reporters.JUnitXMLReporter -->
<testsuite ignored="5" hostname="LTIN233236" failures="0" tests="6" name="Regression" time="0.221" errors="0" timestamp="2024-07-11T18:14:10 IST">
  <testcase classname="Test.Day1" name="Demo1" time="0.034"/>
  <testcase classname="Test.Day2" name="Personalloan" time="0.005"/>
  <testcase classname="Test.Day3" name="MobilesignoutCar" time="0.006"/>
  <testcase classname="Test.Day3" name="WebloginCar" time="0.016"/>
  <testcase classname="Test.Day3" name="MobileLoginCar" time="0.006"/>
  <testcase classname="Test.Day3" name="APIlogincar" time="0.003"/>
  <testcase classname="Test.Day1" name="Demo" time="0.0">
    <ignored/>
  </testcase> <!-- Demo -->
  <testcase classname="Test.Day4" name="MobileLoginHome" time="0.0">
    <ignored/>
  </testcase> <!-- MobileLoginHome -->
  <testcase classname="Test.Day4" name="WebloginHome" time="0.0">
    <ignored/>
  </testcase> <!-- WebloginHome -->
  <testcase classname="Test.Day3" name="MobilesigninCar" time="0.0">
    <ignored/>
  </testcase> <!-- MobilesigninCar -->
  <testcase classname="Test.Day4" name="APIloginHome" time="0.0">
    <ignored/>
  </testcase> <!-- APIloginHome -->
</testsuite> <!-- Regression -->
