<?xml version="1.0" encoding="UTF-8"?>
<testng-results ignored="0" total="1" passed="1" failed="0" skipped="0">
  <reporter-output>
  </reporter-output>
  <suite started-at="2024-07-09T19:06:58 IST" name="Default suite" finished-at="2024-07-09T19:06:58 IST" duration-ms="80">
    <groups>
    </groups>
    <test started-at="2024-07-09T19:06:58 IST" name="Default test" finished-at="2024-07-09T19:06:58 IST" duration-ms="80">
      <class name="Test1">
        <test-method signature="StreamsFilter()[pri:0, instance:Test1@13e39c73]" started-at="2024-07-09T19:06:58 IST" name="StreamsFilter" finished-at="2024-07-09T19:06:58 IST" duration-ms="21" status="PASS">
          <reporter-output>
          </reporter-output>
        </test-method> <!-- StreamsFilter -->
      </class> <!-- Test1 -->
    </test> <!-- Default test -->
  </suite> <!-- Default suite -->
</testng-results>
